[[1;32mINFO[0m   ] [Logger      ] Record log in C:\Users\Moyasi\.kivy\logs\kivy_25-05-31_86.txt
[[1;32mINFO[0m   ] [deps        ] Successfully imported "kivy_deps.angle" 0.4.0
[[1;32mINFO[0m   ] [deps        ] Successfully imported "kivy_deps.glew" 0.3.1
[[1;32mINFO[0m   ] [deps        ] Successfully imported "kivy_deps.sdl2" 0.8.0
[[1;32mINFO[0m   ] [Kivy        ] v2.3.1
[[1;32mINFO[0m   ] [Kivy        ] Installed at "C:\Users\Moyasi\AppData\Roaming\Python\Python313\site-packages\kivy\__init__.py"
[[1;32mINFO[0m   ] [Python      ] v3.13.1 (tags/v3.13.1:0671451, Dec  3 2024, 19:06:28) [MSC v.1942 64 bit (AMD64)]
[[1;32mINFO[0m   ] [Python      ] Interpreter at "C:\Python313\python.exe"
[[1;32mINFO[0m   ] [Logger      ] Purge log fired. Processing...
[[1;32mINFO[0m   ] [Logger      ] Purge finished!
[[1;32mINFO[0m   ] Configuration loaded from config.ini
[[1;32mINFO[0m   ] [Factory     ] 195 symbols loaded
[[1;32mINFO[0m   ] [Image       ] Providers: img_tex, img_dds, img_sdl2, img_pil (img_ffpyplayer ignored)
[[1;32mINFO[0m   ] [KivyMD      ] 1.2.0, git-Unknown, 2025-05-30 (installed at "C:\Users\Moyasi\AppData\Roaming\Python\Python313\site-packages\kivymd\__init__.py")
[[1;33mWARNING[0m] [KivyMD      ] Version 1.2.0 is deprecated and is no longer supported. Use KivyMD version 2.0.0 from the master branch (pip install https://github.com/kivymd/KivyMD/archive/master.zip)
[[1;32mINFO[0m   ] [Text        ] Provider: sdl2
[[1;32mINFO[0m   ] [Window      ] Provider: sdl2
[[1;32mINFO[0m   ] [GL          ] Using the "OpenGL" graphics system
[[1;32mINFO[0m   ] [GL          ] GLEW initialization succeeded
[[1;32mINFO[0m   ] [GL          ] Backend used <glew>
[[1;32mINFO[0m   ] [GL          ] OpenGL version <b'4.6.0 Compatibility Profile Context 24.9.1.240813'>
[[1;32mINFO[0m   ] [GL          ] OpenGL vendor <b'ATI Technologies Inc.'>
[[1;32mINFO[0m   ] [GL          ] OpenGL renderer <b'AMD Radeon(TM) Graphics'>
[[1;32mINFO[0m   ] [GL          ] OpenGL parsed version: 4, 6
[[1;32mINFO[0m   ] [GL          ] Shading version <b'4.60'>
[[1;32mINFO[0m   ] [GL          ] Texture max size <16384>
[[1;32mINFO[0m   ] [GL          ] Texture max units <32>
[[1;32mINFO[0m   ] [Window      ] auto add sdl2 input provider
[[1;32mINFO[0m   ] [Window      ] virtual keyboard not allowed, single mode, not docked
[[1;32mINFO[0m   ] [Arabic font registered] C:/Windows/Fonts/tahoma.ttf
[[1;32mINFO[0m   ] [Clipboard   ] Provider: winctypes
[[1;32mINFO[0m   ] [Kivy version] 2.3.1
[[1;32mINFO[0m   ] [Directory created/verified] property_photos
[[1;32mINFO[0m   ] [Directory created/verified] backups
[[1;32mINFO[0m   ] [Directory created/verified] property_photos\thumbnails
[[1;32mINFO[0m   ] Database tables created successfully
[[1;32mINFO[0m   ] [Database initialized] userdesktop-rs-database.db
[[1;32mINFO[0m   ] Database initialized successfully
[[1;32mINFO[0m   ] App controller initialized
[[1;32mINFO[0m   ] [GL          ] NPOT texture support is available
[[1;31mERROR[0m  ] [Error loading recent activities] Properties ['user_font_size'] passed to __init__ may not be existing property names. Valid properties are ['_animation_fade_bg', '_default_icon_color', '_default_text_color', '_default_theme_icon_color', '_default_theme_text_color', '_disabled_color', '_doing_ripple', '_fading_out', '_finishing_ripple', '_icon_color', '_line_color', '_line_color_disabled', '_md_bg_color', '_md_bg_color_disabled', '_min_height', '_min_width', '_no_ripple_effect', '_radius', '_ripple_rad', '_round_rad', '_text_color', '_theme_icon_color', '_theme_text_color', 'always_release', 'anchor_x', 'anchor_y', 'center', 'center_x', 'center_y', 'children', 'cls', 'device_ios', 'disabled', 'disabled_color', 'font_name', 'font_size', 'font_style', 'halign', 'height', 'icon', 'icon_color', 'icon_size', 'id', 'ids', 'last_touch', 'lbl_ic', 'line_color', 'line_color_disabled', 'line_width', 'md_bg_color', 'md_bg_color_disabled', 'min_state_time', 'motion_filter', 'opacity', 'opposite_colors', 'padding', 'parent', 'pos', 'pos_hint', 'right', 'ripple_alpha', 'ripple_canvas_after', 'ripple_color', 'ripple_duration_in_fast', 'ripple_duration_in_slow', 'ripple_duration_out', 'ripple_func_in', 'ripple_func_out', 'ripple_rad_default', 'ripple_scale', 'rounded_button', 'size', 'size_hint', 'size_hint_max', 'size_hint_max_x', 'size_hint_max_y', 'size_hint_min', 'size_hint_min_x', 'size_hint_min_y', 'size_hint_x', 'size_hint_y', 'state', 'text', 'text_color', 'theme_cls', 'theme_icon_color', 'theme_text_color', 'top', 'valign', 'widget_style', 'width', 'x', 'y']
[[1;32mINFO[0m   ] All screens added successfully
[[1;32mINFO[0m   ] Application started successfully
[[1;32mINFO[0m   ] [Base        ] Start application main loop
[[1;33mWARNING[0m] Deprecated property "<NumericProperty name=width_mult>" of object "<kivymd.uix.toolbar.toolbar.OverFlowMenu object at 0x0000027F01279630>" has been set, it will be removed in a future version
[[1;32mINFO[0m   ] [Base        ] Leaving application in progress...
[[1;31mERROR[0m  ] [Unexpected error] No Screen with name "enhanced_dashboard".
